<?xml version="1.0" encoding="UTF-8"?>
<!-- Generated by org.testng.reporters.JUnitReportReporter -->
<testsuite skipped="0" hostname="LAPTOP-A8332NNU" name="com.Automation.Worksop.Interviwe1" tests="3" failures="0" timestamp="18 Jun 2018 15:05:48 GMT" time="0.019" errors="0">
  <testcase name="test2" time="0.005" classname="com.Automation.Worksop.Interviwe1"/>
  <testcase name="test3" time="0.005" classname="com.Automation.Worksop.Interviwe1"/>
  <testcase name="test1" time="0.009" classname="com.Automation.Worksop.Interviwe1"/>
</testsuite> <!-- com.Automation.Worksop.Interviwe1 -->
